<?xml version="1.0" encoding="UTF-8"?>
<!-- Generated by org.testng.reporters.JUnitReportReporter -->
<testsuite hostname="VINOD" failures="1" tests="4" name="runners.TestNGTestRunner" time="205.005" errors="1" timestamp="2024-08-31T13:35:20 IST" skipped="0">
  <testcase classname="runners.TestNGTestRunner" name="runScenario" time="65.446">
    <error message="Element &lt;span class=&quot;back-container&quot;&gt; is not clickable at point (689,22) because another element &lt;lightning-spinner class=&quot;slds-spinner_container&quot;&gt; obscures it
Build info: version: &#039;4.23.1&#039;, revision: &#039;656257d8e9&#039;
System info: os.name: &#039;Windows 10&#039;, os.arch: &#039;amd64&#039;, os.version: &#039;10.0&#039;, java.version: &#039;17.0.10&#039;
Driver info: org.openqa.selenium.firefox.FirefoxDriver
Command: [6ed23dfc-7f60-4e85-993b-f7edf3356c2a, clickElement {id=518b8d71-e4b0-4322-b38c-09b67a1eb13a}]
Capabilities {acceptInsecureCerts: true, browserName: firefox, browserVersion: 128.0.3, moz:accessibilityChecks: false, moz:buildID: 20240725162350, moz:debuggerAddress: 127.0.0.1:26625, moz:geckodriverVersion: 0.34.0, moz:headless: false, moz:platformVersion: 10.0, moz:processID: 16056, moz:profile: C:\Users\User\AppData\Local..., moz:shutdownTimeout: 60000, moz:webdriverClick: true, moz:windowless: false, pageLoadStrategy: normal, platformName: windows, proxy: Proxy(), se:cdp: ws://127.0.0.1:26625/devtoo..., se:cdpVersion: 85.0, setWindowRect: true, strictFileInteractability: false, timeouts: {implicit: 0, pageLoad: 300000, script: 30000}, unhandledPromptBehavior: dismiss and notify, userAgent: Mozilla/5.0 (Windows NT 10....}
Element: [[FirefoxDriver: firefox on windows (6ed23dfc-7f60-4e85-993b-f7edf3356c2a)] -&gt; class name: back-container]
Session ID: 6ed23dfc-7f60-4e85-993b-f7edf3356c2a" type="org.openqa.selenium.ElementClickInterceptedException">
      <![CDATA[org.openqa.selenium.ElementClickInterceptedException: Element <span class="back-container"> is not clickable at point (689,22) because another element <lightning-spinner class="slds-spinner_container"> obscures it
Build info: version: '4.23.1', revision: '656257d8e9'
System info: os.name: 'Windows 10', os.arch: 'amd64', os.version: '10.0', java.version: '17.0.10'
Driver info: org.openqa.selenium.firefox.FirefoxDriver
Command: [6ed23dfc-7f60-4e85-993b-f7edf3356c2a, clickElement {id=518b8d71-e4b0-4322-b38c-09b67a1eb13a}]
Capabilities {acceptInsecureCerts: true, browserName: firefox, browserVersion: 128.0.3, moz:accessibilityChecks: false, moz:buildID: 20240725162350, moz:debuggerAddress: 127.0.0.1:26625, moz:geckodriverVersion: 0.34.0, moz:headless: false, moz:platformVersion: 10.0, moz:processID: 16056, moz:profile: C:\Users\User\AppData\Local..., moz:shutdownTimeout: 60000, moz:webdriverClick: true, moz:windowless: false, pageLoadStrategy: normal, platformName: windows, proxy: Proxy(), se:cdp: ws://127.0.0.1:26625/devtoo..., se:cdpVersion: 85.0, setWindowRect: true, strictFileInteractability: false, timeouts: {implicit: 0, pageLoad: 300000, script: 30000}, unhandledPromptBehavior: dismiss and notify, userAgent: Mozilla/5.0 (Windows NT 10....}
Element: [[FirefoxDriver: firefox on windows (6ed23dfc-7f60-4e85-993b-f7edf3356c2a)] -> class name: back-container]
Session ID: 6ed23dfc-7f60-4e85-993b-f7edf3356c2a
at java.base/jdk.internal.reflect.NativeConstructorAccessorImpl.newInstance0(Native Method)
at java.base/jdk.internal.reflect.NativeConstructorAccessorImpl.newInstance(NativeConstructorAccessorImpl.java:77)
at java.base/jdk.internal.reflect.DelegatingConstructorAccessorImpl.newInstance(DelegatingConstructorAccessorImpl.java:45)
at java.base/java.lang.reflect.Constructor.newInstanceWithCaller(Constructor.java:499)
at java.base/java.lang.reflect.Constructor.newInstance(Constructor.java:480)
at org.openqa.selenium.remote.ErrorCodec.decode(ErrorCodec.java:167)
at org.openqa.selenium.remote.codec.w3c.W3CHttpResponseCodec.decode(W3CHttpResponseCodec.java:138)
at org.openqa.selenium.remote.codec.w3c.W3CHttpResponseCodec.decode(W3CHttpResponseCodec.java:50)
at org.openqa.selenium.remote.HttpCommandExecutor.execute(HttpCommandExecutor.java:190)
at org.openqa.selenium.remote.service.DriverCommandExecutor.invokeExecute(DriverCommandExecutor.java:216)
at org.openqa.selenium.remote.service.DriverCommandExecutor.execute(DriverCommandExecutor.java:174)
at org.openqa.selenium.remote.RemoteWebDriver.execute(RemoteWebDriver.java:545)
at org.openqa.selenium.remote.RemoteWebElement.execute(RemoteWebElement.java:223)
at org.openqa.selenium.remote.RemoteWebElement.click(RemoteWebElement.java:76)
at java.base/jdk.internal.reflect.NativeMethodAccessorImpl.invoke0(Native Method)
at java.base/jdk.internal.reflect.NativeMethodAccessorImpl.invoke(NativeMethodAccessorImpl.java:77)
at java.base/jdk.internal.reflect.DelegatingMethodAccessorImpl.invoke(DelegatingMethodAccessorImpl.java:43)
at java.base/java.lang.reflect.Method.invoke(Method.java:568)
at org.openqa.selenium.support.pagefactory.internal.LocatingElementHandler.invoke(LocatingElementHandler.java:51)
at jdk.proxy2/jdk.proxy2.$Proxy27.click(Unknown Source)
at pageObjects.RoomPage.close_activity_panel(RoomPage.java:34)
at stepDefinitions.RoomPageStepDefinitions.close_activity_panel(RoomPageStepDefinitions.java:29)
at ✽.close activity panel(file:///E:/ECL/Room/src/test/java/features/Room.feature:29)
]]>
    </error>
  </testcase> <!-- runScenario -->
  <testcase classname="runners.TestNGTestRunner" name="runScenario" time="46.076"/>
  <testcase classname="runners.TestNGTestRunner" name="runScenario" time="46.743"/>
  <testcase classname="runners.TestNGTestRunner" name="runScenario" time="46.740">
    <failure message="link text matched expected [Forgot Your Password?] but found []" type="java.lang.AssertionError">
      <![CDATA[java.lang.AssertionError: link text matched expected [Forgot Your Password?] but found []
at org.testng.Assert.fail(Assert.java:111)
at org.testng.Assert.failNotEquals(Assert.java:1578)
at org.testng.Assert.assertEqualsImpl(Assert.java:150)
at org.testng.Assert.assertEquals(Assert.java:132)
at org.testng.Assert.assertEquals(Assert.java:656)
at stepDefinitions.LoginPageStepDefinitions.check_forgot_password_link_in_login_page(LoginPageStepDefinitions.java:44)
at ✽.Check forgot password link in login page(file:///E:/ECL/Room/src/test/java/features/login.feature:39)
]]>
    </failure>
  </testcase> <!-- runScenario -->
</testsuite> <!-- runners.TestNGTestRunner -->
